<?xml version="1.0" encoding="UTF-8"?>
<robot generator="Robot 6.0.2 (Python 3.9.13 on win32)" generated="20230208 10:11:44.457" rpa="false" schemaversion="3">
<suite id="s1" name="Menu" source="C:\robot_project\Starbucks_Automation\2_General_Menu\menu.robot">
<test id="s1-t1" name="TC1" line="12">
<kw name="Launch Browser And Navigate To Url" library="common_functionalities" type="SETUP">
<kw name="Open Browser" library="SeleniumLibrary">
<arg>browser=${BROWSER_NAME}</arg>
<doc>Opens a new browser instance to the optional ``url``.</doc>
<msg timestamp="20230208 10:11:44.903" level="INFO">Opening browser 'chrome' to base url 'None'.</msg>
<status status="PASS" starttime="20230208 10:11:44.902" endtime="20230208 10:11:47.012"/>
</kw>
<kw name="Maximize Browser Window" library="SeleniumLibrary">
<doc>Maximizes current browser window.</doc>
<status status="PASS" starttime="20230208 10:11:47.013" endtime="20230208 10:11:47.147"/>
</kw>
<kw name="Set Selenium Implicit Wait" library="SeleniumLibrary">
<arg>20s</arg>
<doc>Sets the implicit wait value used by Selenium.</doc>
<status status="PASS" starttime="20230208 10:11:47.148" endtime="20230208 10:11:47.159"/>
</kw>
<kw name="Go To" library="SeleniumLibrary">
<arg>${URL}</arg>
<doc>Navigates the current browser window to the provided ``url``.</doc>
<msg timestamp="20230208 10:11:47.162" level="INFO">Opening url 'https://www.starbucks.com/'</msg>
<status status="PASS" starttime="20230208 10:11:47.160" endtime="20230208 10:11:49.378"/>
</kw>
<status status="PASS" starttime="20230208 10:11:44.902" endtime="20230208 10:11:49.379"/>
</kw>
<kw name="Open Browser" library="SeleniumLibrary">
<arg>browser=chrome</arg>
<doc>Opens a new browser instance to the optional ``url``.</doc>
<msg timestamp="20230208 10:11:49.381" level="INFO">Opening browser 'chrome' to base url 'None'.</msg>
<status status="PASS" starttime="20230208 10:11:49.379" endtime="20230208 10:11:51.259"/>
</kw>
<kw name="Maximize Browser Window" library="SeleniumLibrary">
<doc>Maximizes current browser window.</doc>
<status status="PASS" starttime="20230208 10:11:51.261" endtime="20230208 10:11:51.402"/>
</kw>
<kw name="Go To" library="SeleniumLibrary">
<arg>url=https://www.starbucks.com/</arg>
<doc>Navigates the current browser window to the provided ``url``.</doc>
<msg timestamp="20230208 10:11:51.404" level="INFO">Opening url 'https://www.starbucks.com/'</msg>
<status status="PASS" starttime="20230208 10:11:51.403" endtime="20230208 10:11:52.605"/>
</kw>
<kw name="Click Element" library="SeleniumLibrary">
<arg>xpath=//a[text()='Menu']</arg>
<doc>Click the element identified by ``locator``.</doc>
<msg timestamp="20230208 10:11:52.609" level="INFO">Clicking element 'xpath=//a[text()='Menu']'.</msg>
<msg timestamp="20230208 10:12:13.370" level="INFO" html="true">&lt;/td&gt;&lt;/tr&gt;&lt;tr&gt;&lt;td colspan="3"&gt;&lt;a href="selenium-screenshot-16.png"&gt;&lt;img src="selenium-screenshot-16.png" width="800px"&gt;&lt;/a&gt;</msg>
<msg timestamp="20230208 10:12:13.371" level="FAIL">ElementNotInteractableException: Message: element not interactable
  (Session info: chrome=109.0.5414.120)
Stacktrace:
Backtrace:
	(No symbol) [0x00346643]
	(No symbol) [0x002DBE21]
	(No symbol) [0x001DD960]
	(No symbol) [0x002123A7]
	(No symbol) [0x00206B13]
	(No symbol) [0x0022FD7C]
	(No symbol) [0x0020641F]
	(No symbol) [0x002300D4]
	(No symbol) [0x00246B09]
	(No symbol) [0x0022FB76]
	(No symbol) [0x002049C1]
	(No symbol) [0x00205E5D]
	GetHandleVerifier [0x005BA142+2497106]
	GetHandleVerifier [0x005E85D3+2686691]
	GetHandleVerifier [0x005EBB9C+2700460]
	GetHandleVerifier [0x003F3B10+635936]
	(No symbol) [0x002E4A1F]
	(No symbol) [0x002EA418]
	(No symbol) [0x002EA505]
	(No symbol) [0x002F508B]
	BaseThreadInitThunk [0x766C00F9+25]
	RtlGetAppContainerNamedObjectPath [0x76F87BBE+286]
	RtlGetAppContainerNamedObjectPath [0x76F87B8E+238]
</msg>
<status status="FAIL" starttime="20230208 10:11:52.607" endtime="20230208 10:12:13.380"/>
</kw>
<kw name="Click Element" library="SeleniumLibrary">
<arg>xpath=//*[@class='block linkOverlay__primary tile___1wb3i']</arg>
<doc>Click the element identified by ``locator``.</doc>
<status status="NOT RUN" starttime="20230208 10:12:13.381" endtime="20230208 10:12:13.381"/>
</kw>
<kw name="Close Browser" library="SeleniumLibrary" type="TEARDOWN">
<doc>Closes the current browser.</doc>
<status status="PASS" starttime="20230208 10:12:13.381" endtime="20230208 10:12:15.648"/>
</kw>
<status status="FAIL" starttime="20230208 10:11:44.900" endtime="20230208 10:12:15.650">ElementNotInteractableException: Message: element not interactable
  (Session info: chrome=109.0.5414.120)
Stacktrace:
Backtrace:
	(No symbol) [0x00346643]
	(No symbol) [0x002DBE21]
	(No symbol) [0x001DD960]
	(No symbol) [0x002123A7]
	(No symbol) [0x00206B13]
	(No symbol) [0x0022FD7C]
	(No symbol) [0x0020641F]
	(No symbol) [0x002300D4]
	(No symbol) [0x00246B09]
	(No symbol) [0x0022FB76]
	(No symbol) [0x002049C1]
	(No symbol) [0x00205E5D]
	GetHandleVerifier [0x005BA142+2497106]
	GetHandleVerifier [0x005E85D3+2686691]
	GetHandleVerifier [0x005EBB9C+2700460]
	GetHandleVerifier [0x003F3B10+635936]
	(No symbol) [0x002E4A1F]
	(No symbol) [0x002EA418]
	(No symbol) [0x002EA505]
	(No symbol) [0x002F508B]
	BaseThreadInitThunk [0x766C00F9+25]
	RtlGetAppContainerNamedObjectPath [0x76F87BBE+286]
	RtlGetAppContainerNamedObjectPath [0x76F87B8E+238]
</status>
</test>
<doc>This file contains test cases related to invalid login</doc>
<status status="FAIL" starttime="20230208 10:11:44.463" endtime="20230208 10:12:15.652"/>
</suite>
<statistics>
<total>
<stat pass="0" fail="1" skip="0">All Tests</stat>
</total>
<tag>
</tag>
<suite>
<stat pass="0" fail="1" skip="0" id="s1" name="Menu">Menu</stat>
</suite>
</statistics>
<errors>
<msg timestamp="20230208 10:11:44.897" level="ERROR">[ DataDriver ] Error in robot file:
  File "C:\robot_project\Starbucks_Automation\2_General_Menu\menu.robot", line 0</msg>
<msg timestamp="20230208 10:11:44.899" level="ERROR">Calling method '_start_suite' of listener 'DataDriver' failed: FileNotFoundError: File attribute was empty. Tried to find C:\robot_project\Starbucks_Automation\2_General_Menu\menu.csv but file does not exist. If no file validation is required, set file_search_strategy=None.</msg>
</errors>
</robot>
